{"/home/aryaz/Documents/Uni/Software Engineering/project/SE/spec/UtilsSpec.js":{"path":"/home/aryaz/Documents/Uni/Software Engineering/project/SE/spec/UtilsSpec.js","s":{"1":1,"2":1,"3":0,"4":0,"5":0,"6":0,"7":0,"8":0,"9":0,"10":0},"b":{},"f":{"1":0,"2":0,"3":0,"4":0},"fnMap":{"1":{"name":"(anonymous_1)","line":2,"loc":{"start":{"line":2,"column":28},"end":{"line":2,"column":40}}},"2":{"name":"(anonymous_2)","line":3,"loc":{"start":{"line":3,"column":41},"end":{"line":3,"column":53}}},"3":{"name":"(anonymous_3)","line":6,"loc":{"start":{"line":6,"column":48},"end":{"line":6,"column":60}}},"4":{"name":"(anonymous_4)","line":9,"loc":{"start":{"line":9,"column":23},"end":{"line":9,"column":34}}}},"statementMap":{"1":{"start":{"line":1,"column":0},"end":{"line":1,"column":37}},"2":{"start":{"line":2,"column":0},"end":{"line":14,"column":3}},"3":{"start":{"line":3,"column":1},"end":{"line":5,"column":4}},"4":{"start":{"line":4,"column":2},"end":{"line":4,"column":77}},"5":{"start":{"line":6,"column":1},"end":{"line":8,"column":4}},"6":{"start":{"line":7,"column":2},"end":{"line":7,"column":82}},"7":{"start":{"line":9,"column":1},"end":{"line":13,"column":4}},"8":{"start":{"line":10,"column":2},"end":{"line":10,"column":48}},"9":{"start":{"line":11,"column":2},"end":{"line":11,"column":48}},"10":{"start":{"line":12,"column":2},"end":{"line":12,"column":43}}},"branchMap":{}},"/home/aryaz/Documents/Uni/Software Engineering/project/SE/Utils/Utils.js":{"path":"/home/aryaz/Documents/Uni/Software Engineering/project/SE/Utils/Utils.js","s":{"1":1,"2":1,"3":0,"4":0,"5":0,"6":1,"7":0,"8":0,"9":0,"10":0,"11":0},"b":{"1":[0,0],"2":[0,0],"3":[0,0],"4":[0,0],"5":[0,0]},"f":{"1":1,"2":0,"3":0},"fnMap":{"1":{"name":"(anonymous_1)","line":1,"loc":{"start":{"line":1,"column":21},"end":{"line":1,"column":31}}},"2":{"name":"(anonymous_2)","line":2,"loc":{"start":{"line":2,"column":16},"end":{"line":2,"column":34}}},"3":{"name":"(anonymous_3)","line":7,"loc":{"start":{"line":7,"column":17},"end":{"line":7,"column":30}}}},"statementMap":{"1":{"start":{"line":1,"column":0},"end":{"line":14,"column":0}},"2":{"start":{"line":2,"column":1},"end":{"line":7,"column":1}},"3":{"start":{"line":3,"column":2},"end":{"line":4,"column":16}},"4":{"start":{"line":4,"column":3},"end":{"line":4,"column":16}},"5":{"start":{"line":5,"column":2},"end":{"line":5,"column":14}},"6":{"start":{"line":7,"column":1},"end":{"line":12,"column":0}},"7":{"start":{"line":8,"column":2},"end":{"line":8,"column":66}},"8":{"start":{"line":8,"column":57},"end":{"line":8,"column":66}},"9":{"start":{"line":9,"column":2},"end":{"line":9,"column":98}},"10":{"start":{"line":9,"column":89},"end":{"line":9,"column":98}},"11":{"start":{"line":10,"column":2},"end":{"line":10,"column":12}}},"branchMap":{"1":{"line":3,"type":"if","locations":[{"start":{"line":3,"column":2},"end":{"line":3,"column":2}},{"start":{"line":3,"column":2},"end":{"line":3,"column":2}}]},"2":{"line":3,"type":"binary-expr","locations":[{"start":{"line":3,"column":5},"end":{"line":3,"column":22}},{"start":{"line":3,"column":26},"end":{"line":3,"column":43}}]},"3":{"line":8,"type":"if","locations":[{"start":{"line":8,"column":2},"end":{"line":8,"column":2}},{"start":{"line":8,"column":2},"end":{"line":8,"column":2}}]},"4":{"line":9,"type":"if","locations":[{"start":{"line":9,"column":2},"end":{"line":9,"column":2}},{"start":{"line":9,"column":2},"end":{"line":9,"column":2}}]},"5":{"line":9,"type":"binary-expr","locations":[{"start":{"line":9,"column":6},"end":{"line":9,"column":58}},{"start":{"line":9,"column":62},"end":{"line":9,"column":87}}]}}}}