TN:
SF:/home/aryaz/Documents/Uni/Software Engineering/project/SE/spec/UtilsSpec.js
FN:2,(anonymous_1)
FN:3,(anonymous_2)
FN:6,(anonymous_3)
FN:9,(anonymous_4)
FNF:4
FNH:0
FNDA:0,(anonymous_1)
FNDA:0,(anonymous_2)
FNDA:0,(anonymous_3)
FNDA:0,(anonymous_4)
DA:1,1
DA:2,1
DA:3,0
DA:4,0
DA:6,0
DA:7,0
DA:9,0
DA:10,0
DA:11,0
DA:12,0
LF:10
LH:2
BRF:0
BRH:0
end_of_record
TN:
SF:/home/aryaz/Documents/Uni/Software Engineering/project/SE/Utils/Utils.js
FN:1,(anonymous_1)
FN:2,(anonymous_2)
FN:7,(anonymous_3)
FNF:3
FNH:1
FNDA:1,(anonymous_1)
FNDA:0,(anonymous_2)
FNDA:0,(anonymous_3)
DA:1,1
DA:2,1
DA:3,0
DA:4,0
DA:5,0
DA:7,1
DA:8,0
DA:9,0
DA:10,0
LF:9
LH:3
BRDA:3,1,0,0
BRDA:3,1,1,0
BRDA:3,2,0,0
BRDA:3,2,1,0
BRDA:8,3,0,0
BRDA:8,3,1,0
BRDA:9,4,0,0
BRDA:9,4,1,0
BRDA:9,5,0,0
BRDA:9,5,1,0
BRF:10
BRH:0
end_of_record
